[2022-06-18 15:44:48.941] [renderer1] [info] Settings Sync: Updated current session 90ef8ea3-9d06-47f8-87e8-74e0637c38cf
[2022-06-18 15:44:56.927] [renderer1] [warning] [twxs.cmake]: Cannot register 'cmake.cmakePath'. This property is already registered.
[2022-06-18 15:45:07.840] [renderer1] [error] Could not find category with ID: ms-vscode.cpptools#cppWelcome: Error: Could not find category with ID: ms-vscode.cpptools#cppWelcome
    at vscode-file://vscode-app/usr/share/code/resources/app/out/vs/workbench/workbench.desktop.main.js:3102:104662
    at m.invoke (vscode-file://vscode-app/usr/share/code/resources/app/out/vs/workbench/workbench.desktop.main.js:67:145)
    at s.deliver (vscode-file://vscode-app/usr/share/code/resources/app/out/vs/workbench/workbench.desktop.main.js:67:2265)
    at o.fire (vscode-file://vscode-app/usr/share/code/resources/app/out/vs/workbench/workbench.desktop.main.js:67:1843)
    at N.progressStep (vscode-file://vscode-app/usr/share/code/resources/app/out/vs/workbench/workbench.desktop.main.js:2135:29627)
    at N.registerDoneListeners (vscode-file://vscode-app/usr/share/code/resources/app/out/vs/workbench/workbench.desktop.main.js:2135:32167)
    at vscode-file://vscode-app/usr/share/code/resources/app/out/vs/workbench/workbench.desktop.main.js:2135:30485
    at Array.forEach (<anonymous>)
    at N._registerWalkthrough (vscode-file://vscode-app/usr/share/code/resources/app/out/vs/workbench/workbench.desktop.main.js:2135:30267)
    at vscode-file://vscode-app/usr/share/code/resources/app/out/vs/workbench/workbench.desktop.main.js:2135:27650
    at async Promise.all (index 0)
    at async N.registerExtensionWalkthroughContributions (vscode-file://vscode-app/usr/share/code/resources/app/out/vs/workbench/workbench.desktop.main.js:2135:25168)
    at async Promise.all (index 0)
    at async m._handler (vscode-file://vscode-app/usr/share/code/resources/app/out/vs/workbench/workbench.desktop.main.js:2135:21409)
[2022-06-18 15:45:11.839] [renderer1] [info] [lifecycle]: Shutdown was prevented (id: veto.settingsSync)
[2022-06-18 15:48:03.671] [renderer1] [error] RequestService#request (browser) - error https://marketplace.visualstudio.com/_apis/public/gallery/extensionquery {"name":"Canceled"}
[2022-06-18 15:48:05.920] [renderer1] [error] RequestService#request (browser) - error https://marketplace.visualstudio.com/_apis/public/gallery/extensionquery {"name":"Canceled"}
[2022-06-18 15:48:52.640] [renderer1] [error] RequestService#request (browser) - error https://marketplace.visualstudio.com/_apis/public/gallery/extensionquery {"name":"Canceled"}
[2022-06-18 15:48:53.318] [renderer1] [error] RequestService#request (browser) - error https://marketplace.visualstudio.com/_apis/public/gallery/extensionquery {"name":"Canceled"}
[2022-06-18 15:55:15.467] [renderer1] [warning] [twxs.cmake]: Cannot register 'cmake.cmakePath'. This property is already registered.
