[Info  - 13:44:24.98] Reading sessions from keychain...
[Info  - 13:44:24.121] Getting sessions for user:email...
[Info  - 13:44:24.121] Getting sessions for all scopes...
[Info  - 13:44:24.121] Got 0 sessions for user:email...
[Info  - 13:44:24.121] Got 0 sessions for ...
[Info  - 13:44:26.226] Getting sessions for all scopes...
[Info  - 13:44:26.226] Got 0 sessions for ...
[Info  - 13:44:29.97] Getting sessions for user:email...
[Info  - 13:44:29.97] Got 0 sessions for user:email...
[Info  - 13:44:30.251] Logging in for the following scopes: user:email
[Info  - 13:44:30.256] Trying without local server... (user:email)
[Trace  - 13:44:44.127] Handling Uri...
[Info  - 13:44:44.128] Exchanging code for token...
[Info  - 13:44:44.652] Token exchange success!
[Info  - 13:44:44.653] Getting user info...
[Info  - 13:44:45.63] Got account info!
[Info  - 13:44:45.64] Storing 1 sessions...
[Info  - 13:44:48.937] Reading sessions from keychain...
[Info  - 13:44:48.937] Stored 1 sessions!
[Info  - 13:44:48.937] Login success!
[Info  - 13:44:48.946] Getting sessions for user:email...
[Info  - 13:44:48.946] Getting sessions for user:email...
[Trace  - 13:44:48.946] Token acquired from secret storage.
[Info  - 13:44:48.946] Got stored sessions!
[Trace  - 13:44:48.946] Read the following session from the keychain with the following scopes: user:email
[Info  - 13:44:48.947] Got 1 verified sessions.
[Info  - 13:44:48.947] Got 1 sessions for user:email...
[Info  - 13:44:48.947] Got 1 sessions for user:email...
[Info  - 13:45:20.849] Getting sessions for all scopes...
[Info  - 13:45:20.849] Got 1 sessions for ...
